<?xml version="1.0" encoding="UTF-8"?>
<!-- Generated by org.testng.reporters.JUnitReportReporter -->
<testsuite skipped="0" hostname="DESKTOP-8607IQM" name="testjenkins.test" tests="1" failures="0" timestamp="19 Dec 2018 14:35:15 GMT" time="10.802" errors="0">
  <testcase name="tittle" time="10.802" classname="testjenkins.test"/>
</testsuite> <!-- testjenkins.test -->
